<?xml version="1.0" encoding="UTF-8"?>
<!-- Generated by org.testng.reporters.JUnitReportReporter -->
<testsuite hostname="LIN41006181" failures="0" tests="1" name="tests.FetchFitnessData" time="26.377" errors="0" timestamp="2022-07-18T13:07:31 IST" skipped="0">
  <testcase classname="tests.FetchFitnessData" name="GetData" time="26.377"/>
  <system-out/>
</testsuite> <!-- tests.FetchFitnessData -->
